2020-07-01 11:14:28,302 - D:\pyproject\control1.2\commonData.py-<module>[line:28] - INFO: 加载终端数据完成
2020-07-01 11:14:28,306 - D:\pyproject\control1.2\commonData.py-<module>[line:35] - INFO: 加载继电器数据完成
2020-07-01 11:14:28,307 - D:\pyproject\control1.2\commonData.py-<module>[line:42] - INFO: 加载核心竞争力数据完成
2020-07-01 11:14:28,308 - D:\pyproject\control1.2\commonData.py-<module>[line:49] - INFO: 加载业绩展示数据完成
2020-07-01 11:14:28,309 - D:\pyproject\control1.2\commonData.py-<module>[line:58] - INFO: 加载播放器数据完成
2020-07-01 11:14:28,310 - D:\pyproject\control1.2\commonData.py-<module>[line:64] - INFO: 加载注册数据完成
2020-07-01 11:14:28,433 - D:/pyproject/control1.2/Main.py-__init__[line:13] - INFO: 程序启动
2020-07-01 11:14:28,773 - D:\pyproject\control1.2\jd.py-timeStartShut[line:40] - INFO: 计时器启动
2020-07-01 11:14:29,097 - D:\pyproject\control1.2\Impl.py-start[line:25] - INFO: 启动socket
2020-07-01 11:14:29,097 - D:\pyproject\control1.2\UdpImpl.py-startServer[line:5] - INFO: upd监听程序启动
2020-07-01 11:14:29,099 - D:\pyproject\control1.2\Impl.py-get_host_ip[line:19] - INFO: 192.168.50.127
2020-07-01 11:14:38,637 - D:\pyproject\control1.2\comput.py-shutComput[line:118] - INFO: 远程关闭主机192.168.50.199
2020-07-01 11:17:18,529 - D:\pyproject\control1.2\commonData.py-<module>[line:28] - INFO: 加载终端数据完成
2020-07-01 11:17:18,531 - D:\pyproject\control1.2\commonData.py-<module>[line:35] - INFO: 加载继电器数据完成
2020-07-01 11:17:18,532 - D:\pyproject\control1.2\commonData.py-<module>[line:42] - INFO: 加载核心竞争力数据完成
2020-07-01 11:17:18,533 - D:\pyproject\control1.2\commonData.py-<module>[line:49] - INFO: 加载业绩展示数据完成
2020-07-01 11:17:18,534 - D:\pyproject\control1.2\commonData.py-<module>[line:58] - INFO: 加载播放器数据完成
2020-07-01 11:17:18,535 - D:\pyproject\control1.2\commonData.py-<module>[line:64] - INFO: 加载注册数据完成
2020-07-01 11:17:18,597 - D:/pyproject/control1.2/Main.py-__init__[line:13] - INFO: 程序启动
2020-07-01 11:17:18,878 - D:\pyproject\control1.2\jd.py-timeStartShut[line:40] - INFO: 计时器启动
2020-07-01 11:17:19,199 - D:\pyproject\control1.2\Impl.py-start[line:25] - INFO: 启动socket
2020-07-01 11:17:19,199 - D:\pyproject\control1.2\UdpImpl.py-startServer[line:5] - INFO: upd监听程序启动
2020-07-01 11:17:19,200 - D:\pyproject\control1.2\Impl.py-get_host_ip[line:19] - INFO: 192.168.50.127
2020-07-01 11:17:24,950 - D:\pyproject\control1.2\comput.py-wake_up[line:95] - INFO: 远程唤醒:0C-9D-92-C1-65-3F:网关:255.255.255.255
2020-07-01 11:32:24,371 - D:\pyproject\control1.2\commonData.py-<module>[line:28] - INFO: 加载终端数据完成
2020-07-01 11:32:24,373 - D:\pyproject\control1.2\commonData.py-<module>[line:35] - INFO: 加载继电器数据完成
2020-07-01 11:32:24,374 - D:\pyproject\control1.2\commonData.py-<module>[line:42] - INFO: 加载核心竞争力数据完成
2020-07-01 11:32:24,375 - D:\pyproject\control1.2\commonData.py-<module>[line:49] - INFO: 加载业绩展示数据完成
2020-07-01 11:32:24,376 - D:\pyproject\control1.2\commonData.py-<module>[line:58] - INFO: 加载播放器数据完成
2020-07-01 11:32:24,377 - D:\pyproject\control1.2\commonData.py-<module>[line:64] - INFO: 加载注册数据完成
2020-07-01 11:32:24,420 - D:/pyproject/control1.2/Main.py-__init__[line:13] - INFO: 程序启动
2020-07-01 11:32:24,698 - D:\pyproject\control1.2\jd.py-timeStartShut[line:40] - INFO: 计时器启动
2020-07-01 11:32:25,011 - D:\pyproject\control1.2\Impl.py-start[line:25] - INFO: 启动socket
2020-07-01 11:32:25,011 - D:\pyproject\control1.2\UdpImpl.py-startServer[line:5] - INFO: upd监听程序启动
2020-07-01 11:32:25,013 - D:\pyproject\control1.2\Impl.py-get_host_ip[line:19] - INFO: 192.168.50.127
2020-07-01 11:32:38,478 - D:\pyproject\control1.2\comput.py-shutComput[line:118] - INFO: 远程关闭主机192.168.50.127
2020-07-01 11:35:41,421 - D:\pyproject\control1.2\commonData.py-<module>[line:28] - INFO: 加载终端数据完成
2020-07-01 11:35:41,421 - D:\pyproject\control1.2\commonData.py-<module>[line:35] - INFO: 加载继电器数据完成
2020-07-01 11:35:41,421 - D:\pyproject\control1.2\commonData.py-<module>[line:42] - INFO: 加载核心竞争力数据完成
2020-07-01 11:35:41,421 - D:\pyproject\control1.2\commonData.py-<module>[line:49] - INFO: 加载业绩展示数据完成
2020-07-01 11:35:41,431 - D:\pyproject\control1.2\commonData.py-<module>[line:58] - INFO: 加载播放器数据完成
2020-07-01 11:35:41,431 - D:\pyproject\control1.2\commonData.py-<module>[line:64] - INFO: 加载注册数据完成
2020-07-01 11:35:41,571 - D:/pyproject/control1.2/Main.py-__init__[line:13] - INFO: 程序启动
2020-07-01 11:35:42,050 - D:\pyproject\control1.2\jd.py-timeStartShut[line:40] - INFO: 计时器启动
2020-07-01 11:35:42,610 - D:\pyproject\control1.2\Impl.py-start[line:25] - INFO: 启动socket
2020-07-01 11:35:42,610 - D:\pyproject\control1.2\UdpImpl.py-startServer[line:5] - INFO: upd监听程序启动
2020-07-01 11:35:42,610 - D:\pyproject\control1.2\Impl.py-get_host_ip[line:19] - INFO: 192.168.50.127
2020-07-01 11:35:48,748 - D:\pyproject\control1.2\comput.py-shutComput[line:118] - INFO: 远程关闭主机192.168.50.127
